Cleaning output directory (./../../huawei/hi6250-9-common/../../../vendor/huawei/hi6250-9-common/proprietary)..
Extracting 552 files in ./../../huawei/hi6250-9-common/proprietary-files.txt from ./dump/:
  - etc/native_packages.bin
  - vendor/bin/hw/android.hardware.drm@1.1-service.widevine
  - vendor/etc/init/android.hardware.drm@1.1-service.widevine.rc
  - vendor/lib/libwvhidl.so
    + Fixed up vendor/lib/libwvhidl.so
  - vendor/bin/32e6a847-ac89-4f81-8a13-f4ae50451d7f.sec
  - vendor/bin/335129cd-41fa-4b53-9797-5ccb202a52d4.sec
  - vendor/bin/4382f063-a6c3-485f-8786-e275512bd2ad.sec
  - vendor/bin/4ae7ba51-2810-4cee-abbe-a42307b4ace3.sec
  - vendor/bin/54ad737b-d84a-46bd-b993-1a90883f66f7.sec
  - vendor/bin/6c8cf255-ca98-439e-a98e-ade64022ecb6.sec
  - vendor/bin/859703f3-3cc5-4e88-b263-08f9ce82e3d0.sec
  - vendor/bin/86310d18-5659-47c9-b212-841a3ca4f814.sec
  - vendor/bin/868ccafb-794b-46c6-b5c4-9f1462de4e02.sec
  - vendor/bin/883890ba-3ef8-4f0b-9c02-f5874acbf2ff.sec
  - vendor/bin/993e26b8-0273-408e-98d3-60c997c37121.sec
  - vendor/bin/9b17660b-8968-4eed-917e-dd32379bd548.sec
  - vendor/bin/CameraDaemon
  - vendor/bin/a3d05777-b0ec-43b0-8887-a7f93697830a.sec
  - vendor/bin/b4b71581-add2-e89f-d536-f35436dc7973.sec
  - vendor/bin/c30917f8-d869-4379-8f46-4ac62be198dd.sec
  - vendor/bin/cdfinger_fps1256s_ta.sec
  - vendor/bin/d77c4d60-d279-4425-afa8-7f94559eae16.sec
  - vendor/bin/e00d7df7-79e5-4507-9d8c-df03d5a7a8a5.sec
  - vendor/bin/e8014913-e501-4d44-a9d6-058ec3b93b90.sec
  - vendor/bin/fd1bbfb2-9a62-4b27-8fdb-a503529076af.sec
  - vendor/bin/fpc_1021_ta.sec
  - vendor/bin/fpc_1021_ta_berlin.sec
  - vendor/bin/fpc_1021_ta_mha.sec
  - vendor/bin/fpc_1021_ta_sw15.sec
  - vendor/bin/fpc_1021_ta_venus.sec
  - vendor/bin/fpc_1022_ta.sec
  - vendor/bin/fpc_1022_ta_sw20.sec
  - vendor/bin/fpc_1022_ta_sw20_pra.sec
  - vendor/bin/fpc_1023_ta.sec
  - vendor/bin/fpc_1023_ta_barca.sec
  - vendor/bin/fpc_1075_ta.sec
  - vendor/bin/fpc_1140_ta.sec
  - vendor/bin/fpc_1140_ta_sw20.sec
  - vendor/bin/fpc_1150_ta_sw20.sec
  - vendor/bin/fpc_1261s_ta.sec
  - vendor/bin/fpc_1262_ta.sec
  - vendor/bin/fpc_1266Z120_ta.sec
  - vendor/bin/fpc_1266Z120_ta_handel.sec
  - vendor/bin/fpc_1268_ta.sec
  - vendor/bin/fpc_1268_ta_sw22.sec
  - vendor/bin/gnss_control_hisi
  - vendor/bin/gnss_engine_hisi
  - vendor/bin/gnss_supl20clientd_hisi
  - vendor/bin/gnss_watchlssd_thirdparty
  - vendor/bin/goodix_3206_ta.sec
  - vendor/bin/goodix_3258_ta.sec
  - vendor/bin/goodix_3266_ta.sec
  - vendor/bin/goodix_3288_ta.sec
  - vendor/bin/goodix_3288_ta_pra.sec
  - vendor/bin/goodix_5266_ta.sec
  - vendor/bin/goodix_5296_ta.sec
  - vendor/bin/goodix_5296_ta_handel.sec
  - vendor/bin/goodix_8206_ta.sec
  - vendor/bin/gpsdaemon
  - vendor/bin/hw/android.hardware.secure_element@1.0-service.hisi
  - vendor/bin/hw/rild
  - vendor/bin/hw/vendor.huawei.hardware.biometrics.fingerprint@2.1-service
  - vendor/bin/hw/vendor.huawei.hardware.fm@1.0-service
  - vendor/bin/hw/vendor.huawei.hardware.gnss@1.2-service
  - vendor/bin/hw/vendor.huawei.hardware.graphics.mediacomm@2.0-service
  - vendor/bin/hw/vendor.huawei.hardware.hisupl@1.0-service
  - vendor/bin/hw/vendor.huawei.hardware.libteec@2.0-service
  - vendor/bin/hw/vendor.huawei.hardware.perfgenius@2.0-service
  - vendor/bin/hw/vendor.huawei.hardware.sensors@1.0-service
  - vendor/bin/oam_hisi
  - vendor/bin/octty
  - vendor/bin/oeminfo_nvm_server
  - vendor/bin/silead_6165_ta.sec
  - vendor/bin/silead_6175_ta.sec
  - vendor/bin/silead_61853_ta.sec
  - vendor/bin/silead_61856_ta.sec
  - vendor/bin/silead_6185_ta.sec
  - vendor/bin/silead_6185_ta_pra.sec
  - vendor/bin/silead_6185_ta_was.sec
  - vendor/bin/silead_6275_ta.sec
  - vendor/bin/silead_6275_ta_handel.sec
  - vendor/bin/start_connectivity_hisi
  - vendor/bin/syna_109A0_ta.sec
  - vendor/bin/syna_155A_ta.sec
  - vendor/bin/syna_155A_ta_lldp.sec
  - vendor/bin/teecd
  - vendor/bin/tlogcat
  - vendor/etc/audio_effects.xml
  - vendor/etc/bluetooth/bt_vendor.conf
  - vendor/etc/camera/bshutter/default/algo.xml
  - vendor/etc/camera/bshutter/default/info.xml
    + Fixed up vendor/etc/camera/bshutter/default/info.xml
  - vendor/etc/camera/cnnmodel/frontbokeh/DNN_Seg_Short_329.model
  - vendor/etc/camera/configeffect/default/gcd.xml
    + Fixed up vendor/etc/camera/configeffect/default/gcd.xml
  - vendor/etc/camera/configeffect/default/rawnf.xml
    + Fixed up vendor/etc/camera/configeffect/default/rawnf.xml
  - vendor/etc/camera/configeffect/default/sharpen.xml
    + Fixed up vendor/etc/camera/configeffect/default/sharpen.xml
  - vendor/etc/camera/configeffect/default/yuvnf.xml
    + Fixed up vendor/etc/camera/configeffect/default/yuvnf.xml
  - vendor/etc/camera/configeffect/digitalzoom/default/gcd.xml
    + Fixed up vendor/etc/camera/configeffect/digitalzoom/default/gcd.xml
  - vendor/etc/camera/configeffect/digitalzoom/default/rawnf.xml
    + Fixed up vendor/etc/camera/configeffect/digitalzoom/default/rawnf.xml
  - vendor/etc/camera/configeffect/digitalzoom/default/sharpen.xml
    + Fixed up vendor/etc/camera/configeffect/digitalzoom/default/sharpen.xml
  - vendor/etc/camera/configeffect/digitalzoom/default/yuvnf.xml
    + Fixed up vendor/etc/camera/configeffect/digitalzoom/default/yuvnf.xml
  - vendor/etc/camera/configeffect/multidenoise/default/rawnf.xml
    + Fixed up vendor/etc/camera/configeffect/multidenoise/default/rawnf.xml
  - vendor/etc/camera/configeffect/multidenoise/default/rawnf_aux.xml
    + Fixed up vendor/etc/camera/configeffect/multidenoise/default/rawnf_aux.xml
  - vendor/etc/camera/configeffect/multidenoise/default/sharpen.xml
    + Fixed up vendor/etc/camera/configeffect/multidenoise/default/sharpen.xml
  - vendor/etc/camera/configeffect/multidenoise/default/sharpen_aux.xml
    + Fixed up vendor/etc/camera/configeffect/multidenoise/default/sharpen_aux.xml
  - vendor/etc/camera/configeffect/multidenoise/default/yuvnf.xml
    + Fixed up vendor/etc/camera/configeffect/multidenoise/default/yuvnf.xml
  - vendor/etc/camera/configeffect/multidenoise/default/yuvnf_aux.xml
    + Fixed up vendor/etc/camera/configeffect/multidenoise/default/yuvnf_aux.xml
  - vendor/etc/camera/configeffect/opticalzoom/default/gcd.xml
    + Fixed up vendor/etc/camera/configeffect/opticalzoom/default/gcd.xml
  - vendor/etc/camera/configeffect/opticalzoom/default/gcd_aux.xml
    + Fixed up vendor/etc/camera/configeffect/opticalzoom/default/gcd_aux.xml
  - vendor/etc/camera/configeffect/opticalzoom/default/rawnf.xml
    + Fixed up vendor/etc/camera/configeffect/opticalzoom/default/rawnf.xml
  - vendor/etc/camera/configeffect/opticalzoom/default/rawnf_aux.xml
    + Fixed up vendor/etc/camera/configeffect/opticalzoom/default/rawnf_aux.xml
  - vendor/etc/camera/configeffect/opticalzoom/default/sharpen.xml
    + Fixed up vendor/etc/camera/configeffect/opticalzoom/default/sharpen.xml
  - vendor/etc/camera/configeffect/opticalzoom/default/sharpen_aux.xml
    + Fixed up vendor/etc/camera/configeffect/opticalzoom/default/sharpen_aux.xml
  - vendor/etc/camera/configeffect/opticalzoom/default/yuvnf.xml
    + Fixed up vendor/etc/camera/configeffect/opticalzoom/default/yuvnf.xml
  - vendor/etc/camera/configeffect/opticalzoom/default/yuvnf_aux.xml
    + Fixed up vendor/etc/camera/configeffect/opticalzoom/default/yuvnf_aux.xml
  - vendor/etc/camera/davinci/default/cm_correction.dat
  - vendor/etc/camera/davinci/default/cm_foliage.dat
  - vendor/etc/camera/davinci/default/cm_normal.dat
  - vendor/etc/camera/davinci/default/cm_sky.dat
  - vendor/etc/camera/davinci/default/cm_sunset.dat
  - vendor/etc/camera/davinci/default/hdr.xml
  - vendor/etc/camera/davinci/default/imgproc.xml
  - vendor/etc/camera/davinci/default/multiframe.xml
  - vendor/etc/camera/davinci/default/nicefood/imgproc.xml
  - vendor/etc/camera/dcsr/dcsr.xml
  - vendor/etc/camera/dcsr/dcsr_kernel
  - vendor/etc/camera/dcsr/sr.bin
  - vendor/etc/camera/filter/filter.xml
    + Fixed up vendor/etc/camera/filter/filter.xml
  - vendor/etc/camera/filter/mixIm.dat
  - vendor/etc/camera/hwbeauty/default/hwbeauty_params.xml
  - vendor/etc/camera/hwscope/default/hwsz.xml
  - vendor/etc/camera/hwscope/default/kernel
  - vendor/etc/camera/libcl/opticalzoom_source.bin
  - vendor/etc/camera/libcl/wideAperture.bin
  - vendor/etc/camera/mmi7cm/default/mmi7cmConfig.xml
  - vendor/etc/camera/multidenoise/default/multiframe.xml
  - vendor/etc/camera/multidenoise/multidenoise.xml
    + Fixed up vendor/etc/camera/multidenoise/multidenoise.xml
  - vendor/etc/camera/nicefood/default/niceFood.dat
  - vendor/etc/camera/opticalzoom/default/hwnie.xml
  - vendor/etc/camera/opticalzoom/default/hwnie_co.xml
  - vendor/etc/camera/opticalzoom/default/hwnie_star.xml
  - vendor/etc/camera/opticalzoom/default/hwoz.xml
    + Fixed up vendor/etc/camera/opticalzoom/default/hwoz.xml
  - vendor/etc/camera/opticalzoom/default/hwoz_kernel.dat
  - vendor/etc/camera/opticalzoom/default/hwoz_kernel_6x.dat
  - vendor/etc/camera/opticalzoom/default/multiframe.xml
  - vendor/etc/camera/opticalzoom/default/oz_ref_match.dat
  - vendor/etc/camera/opticalzoom/default/oz_ref_match_1.dat
  - vendor/etc/camera/opticalzoom/default/oz_ref_match_2.dat
  - vendor/etc/camera/opticalzoom/default/sr.dat
  - vendor/etc/camera/opticalzoom/default/sr_lanczos_lut.dat
  - vendor/etc/camera/opticalzoom/default/sr_lanczos_lut_0.dat
  - vendor/etc/camera/opticalzoom/default/sr_lanczos_lut_1.dat
  - vendor/etc/camera/opticalzoom/default/sr_lanczos_lut_2.dat
  - vendor/etc/camera/smartae/default/SmartAE.xml
  - vendor/etc/camera/tornado/FoliageMinMaxTOA.txt
  - vendor/etc/camera/tornado/FoliageModelTOA.model
  - vendor/etc/camera/tornado/IndoorFeatureFilterTOA.txt
  - vendor/etc/camera/tornado/IndoorModelTOA.model
  - vendor/etc/camera/tornado/NightMinMaxTOA.txt
  - vendor/etc/camera/tornado/NightModelTOA.model
  - vendor/etc/camera/tornado/SunsetMinMaxTOA.txt
  - vendor/etc/camera/tornado/SunsetModelTOA.model
  - vendor/etc/camera/tornado/default/TornadoI.ini
  - vendor/etc/camera/tracking/targettracking.xml
    + Fixed up vendor/etc/camera/tracking/targettracking.xml
  - vendor/etc/camera/watermark/dm.argb
  - vendor/etc/camera/watermark/dm.png
  - vendor/etc/camera/watermark/param.xml
    + Fixed up vendor/etc/camera/watermark/param.xml
  - vendor/etc/factory_modem.cfg
  - vendor/etc/geoloc.conf
  - vendor/etc/gnss/config/gnss_lss_config_thirdparty.bin
  - vendor/etc/gnss/config/gnss_lss_rfg_key_thirdparty.pem
  - vendor/etc/gnss/config/gnss_lss_slp_thirdparty.p12
  - vendor/etc/gnss/config/gnss_suplconfig_hisi.xml
  - vendor/etc/gnss/gnss_lss_thirdparty.conf
  - vendor/etc/gnss/rmd/c/a_1
  - vendor/etc/gnss/rmd/c/aindex.bin
  - vendor/etc/gnss/rmd/e/a_1
  - vendor/etc/gnss/rmd/e/aindex.bin
  - vendor/etc/gnss/rmd/f/a_1
  - vendor/etc/gnss/rmd/f/aindex.bin
  - vendor/etc/gnss/rmd/g/a_1
  - vendor/etc/gnss/rmd/g/aindex.bin
  - vendor/etc/gnss/rmd/t/a_1
  - vendor/etc/gnss/rmd/t/aindex.bin
  - vendor/etc/init/android.hardware.keymaster@3.0-service.rc
  - vendor/etc/init/android.hardware.secure_element@1.0-service.rc
    + Fixed up vendor/etc/init/android.hardware.secure_element@1.0-service.rc
  - vendor/etc/init/vendor.huawei.hardware.biometrics.fingerprint@2.1-service.rc
  - vendor/etc/init/vendor.huawei.hardware.fm@1.0-service.rc
  - vendor/etc/init/vendor.huawei.hardware.gnss@1.2-service.rc
  - vendor/etc/init/vendor.huawei.hardware.graphics.mediacomm@2.0-service.rc
  - vendor/etc/init/vendor.huawei.hardware.hisupl@1.0-service.rc
  - vendor/etc/init/vendor.huawei.hardware.libteec@2.0-service.rc
  - vendor/etc/init/vendor.huawei.hardware.perfgenius@2.0-service.rc
  - vendor/etc/init/vendor.huawei.hardware.sensors@1.0-service.rc
  - vendor/etc/modemConfig/VIA/basic_name
  - vendor/etc/modemConfig/VIA/viacbp82d_FieldTest.bcfg
  - vendor/etc/modemConfig/balong/FieldTest.cfg
  - vendor/etc/modemConfig/balong/basic_name
  - vendor/etc/modemConfig/hids_ue_msg.cfg
  - vendor/etc/modemConfig/viacbp82d_log.bcfg
  - vendor/etc/modemConfig/viacbp82d_shutdown_log.bcfg
  - vendor/etc/native_packages.bin
  - vendor/etc/perfgenius_config.xml
  - vendor/etc/perfgenius_event_policy.xml
  - vendor/etc/perfgenius_scenario_policy.xml
  - vendor/firmware/BCM4345C0_003.001.025.0033.0000_Generic.hcd
  - vendor/firmware/CPU_RAM_SCHED.bin
  - vendor/firmware/CPU_RAM_WBS.bin
  - vendor/firmware/Total.wdk
  - vendor/firmware/bfgx_and_wifi_cfg
  - vendor/firmware/bfgx_cfg
  - vendor/firmware/cr4_asic.bin
  - vendor/firmware/cr4_regmem.bin
  - vendor/firmware/cr4_regmem_u1.bin
  - vendor/firmware/fw_bcm43455_apsta_hw.bin
  - vendor/firmware/fw_bcm43455_hw.bin
  - vendor/firmware/fw_bcm43455_test_hw_apsta.bin
  - vendor/firmware/hifi_6402.img
  - vendor/firmware/hifi_6402_2spk.img
  - vendor/firmware/hifi_6402_2wake.img
  - vendor/firmware/hifi_6402_tas2smartpa.img
  - vendor/firmware/hifi_6402_tas4smartpa.img
  - vendor/firmware/isp_bw.elf
  - vendor/firmware/isp_dts.img
  - vendor/firmware/isp_fw.elf
  - vendor/firmware/libpn548ad_fw.so
  - vendor/firmware/libpn548ad_fw_10.01.1C_64bits.so
  - vendor/firmware/libpn548ad_fw_10_01_1A_prod_slalm_64bits.so
  - vendor/firmware/libpn551_fw_10_05_03_64bits.so
  - vendor/firmware/nvram43455_hw.txt
  - vendor/firmware/nvram43455_hw_vn1.txt
  - vendor/firmware/ram_reg_test_cfg
  - vendor/firmware/ts/Nemo_CS445A_default.bin
  - vendor/firmware/ts/Nemo_CS445A_junda.bin
  - vendor/firmware/ts/berlin_auo_ili9885.bin
  - vendor/firmware/ts/berlin_auo_nt35532.bin
  - vendor/firmware/ts/berlin_boe_nt35532.bin
  - vendor/firmware/ts/berlin_boe_nt35532_lens.bin
  - vendor/firmware/ts/berlin_inx_nt35532.bin
  - vendor/firmware/ts/berlin_inx_nt35532_lens.bin
  - vendor/firmware/ts/berlin_tm_nt35596.bin
  - vendor/firmware/ts/berlin_tm_nt35596_lens.bin
  - vendor/firmware/ts/berlin_tm_otm1901a.bin
  - vendor/firmware/ts/berlin_tm_r63350.bin
  - vendor/firmware/ts/berlin_tm_r63350_lens.bin
  - vendor/firmware/ts/prague_CYTT21403_default.bin
  - vendor/firmware/ts/venus_synaptics_VENS11080_jdi.img
  - vendor/firmware/ts/venus_synaptics_VENS11120_cmi.img
  - vendor/firmware/ts/venus_synaptics_VENS11130_boe.img
  - vendor/firmware/ts/venus_synaptics_VENS11140_ebbg.img
  - vendor/firmware/ts/venus_synaptics_VENS18100_lg.img
  - vendor/firmware/wifi_cfg
  - vendor/lib/egl/libGLES_mali.so
  - vendor/lib/ese_hw_hal.so
  - vendor/lib/hw/CameraFactoryService.so
  - vendor/lib/hw/android.hardware.keymaster@3.0-impl-hisi.so
  - vendor/lib/hw/fingerprint.hi6250.so
  - vendor/lib/hw/fm.hisi.hi6250.so
  - vendor/lib/hw/gatekeeper.hi6250.so
  - vendor/lib/hw/gralloc.hi6250.so
    + Fixed up vendor/lib/hw/gralloc.hi6250.so
  - vendor/lib/hw/hicam.hal.bz.so
  - vendor/lib/hw/hicam.hal.service.so
  - vendor/lib/hw/hwcomposer.hi6250.so
    + Fixed up vendor/lib/hw/hwcomposer.hi6250.so
  - vendor/lib/hw/keystore.hi6250.so
  - vendor/lib/hw/lights.hi6250.so
  - vendor/lib/hw/mediacomm.hi6250.so
  - vendor/lib/hw/memtrack.hi6250.so
  - vendor/lib/hw/sensors.hi6250.so
  - vendor/lib/hw/thermal.hi6250.so
  - vendor/lib/hw/vendor.huawei.hardware.camera.factory@1.0-impl.so
  - vendor/lib/hw/vendor.huawei.hardware.graphics.mediacomm@2.0-impl.so
  - vendor/lib/hw/vendor.huawei.hardware.libteec@2.0-impl.so
  - vendor/lib/hw/vendor.huawei.hardware.perfgenius@2.0-impl.so
  - vendor/lib/hwcam/hwcam.ddt.so
  - vendor/lib/hwcam/hwcam.services.so
  - vendor/lib/libBestShot.so
  - vendor/lib/libFaceBeautyMeiwo.so
  - vendor/lib/libHW_BShutter.so
  - vendor/lib/libOpenCLFoundation.so
  - vendor/lib/libSR_opencl.so
  - vendor/lib/libSmartAE.so
  - vendor/lib/libVideoDenoise.so
  - vendor/lib/lib_device_interface.so
  - vendor/lib/lib_factory_interface.so
  - vendor/lib/lib_fpc_tac_shared.so
  - vendor/lib/lib_mmi_interface.so
  - vendor/lib/lib_wifi_sar.so
  - vendor/lib/libbalong-ril-1.so
  - vendor/lib/libbalong-ril.so
  - vendor/lib/libc_sec_hisi_connectivity.so
  - vendor/lib/libc_secshared.so
  - vendor/lib/libcamerabuffer.so
  - vendor/lib/libcommril.so
  - vendor/lib/libconn_factory_test.so
  - vendor/lib/libdcamera_sr.so
  - vendor/lib/libfaccommon_share.so
  - vendor/lib/libfacedetection.so
  - vendor/lib/libfacsignedapi_share.so
  - vendor/lib/libfcamera_visual_effect.so
  - vendor/lib/libgnss_lss_gw_thirdparty.so
  - vendor/lib/libgpucommon_vendor_client.so
  - vendor/lib/libhdr.so
  - vendor/lib/libhiion.so
  - vendor/lib/libhivwservice.so
    + Fixed up vendor/lib/libhivwservice.so
  - vendor/lib/libhuaweiaudioeffectutil.so
  - vendor/lib/libhuaweicust.so
  - vendor/lib/libiawareperf_client.so
  - vendor/lib/libimedia_filters.so
  - vendor/lib/libispenhnc.so
  - vendor/lib/libjtag_wdt_ctrl.so
  - vendor/lib/libkeymaster3_attestation.so
  - vendor/lib/libmediacomm@2.0-client.so
  - vendor/lib/libmorpho_effect_library5.so
  - vendor/lib/libmotiondetect.so
  - vendor/lib/libmrc_cg_ldc.so
  - vendor/lib/libmrc_cg_mfdenoise.so
  - vendor/lib/libmrc_cg_niceFood.so
  - vendor/lib/libmrc_cg_postprocess.so
  - vendor/lib/libmrc_cg_postprocess_cl.so
  - vendor/lib/libmrc_cg_sz.so
  - vendor/lib/libnvme.so
  - vendor/lib/liboeminfo.so
  - vendor/lib/libomx_vxd.so
  - vendor/lib/libomx_vxe.so
  - vendor/lib/libperfgenius_vendor_client.so
  - vendor/lib/libperfhub.so
  - vendor/lib/libperfhub_service.so
  - vendor/lib/libpf_customize_hisi.so
  - vendor/lib/libpf_oneimage_hisi.so
  - vendor/lib/libpf_rotate_hisi.so
  - vendor/lib/libscenedetection.so
  - vendor/lib/libstagefrighthw.so
  - vendor/lib/libstorekeybox.so
  - vendor/lib/libteec.so
  - vendor/lib/libteec_eid.so
  - vendor/lib/libteec_vendor.so
  - vendor/lib/libtrack.so
  - vendor/lib/soundfx/libhuaweiprocessing.so
  - vendor/lib/soundfx/liboffloadvisualizer.so
  - vendor/lib/vendor.huawei.hardware.ai@1.0.so
  - vendor/lib/vendor.huawei.hardware.biometrics.hwfacerecognize@1.0.so
  - vendor/lib/vendor.huawei.hardware.biometrics.hwfacerecognize@1.1.so
  - vendor/lib/vendor.huawei.hardware.biometrics.hwsecurefacerecognize@1.0.so
  - vendor/lib/vendor.huawei.hardware.camera.camResource.orbService@1.0.so
  - vendor/lib/vendor.huawei.hardware.camera.camResource@1.0.so
  - vendor/lib/vendor.huawei.hardware.camera.camResource@1.1.so
  - vendor/lib/vendor.huawei.hardware.camera.camResource@1.2.so
  - vendor/lib/vendor.huawei.hardware.camera.camResource@1.3.so
  - vendor/lib/vendor.huawei.hardware.camera.cfgsvr@1.0.so
  - vendor/lib/vendor.huawei.hardware.camera.cfgsvr@1.1.so
  - vendor/lib/vendor.huawei.hardware.camera.factory@1.0.so
  - vendor/lib/vendor.huawei.hardware.fm@1.0.so
  - vendor/lib/vendor.huawei.hardware.gnss@1.0.so
  - vendor/lib/vendor.huawei.hardware.gnss@1.1.so
  - vendor/lib/vendor.huawei.hardware.gnss@1.2.so
  - vendor/lib/vendor.huawei.hardware.graphics.displayeffect@1.0.so
  - vendor/lib/vendor.huawei.hardware.graphics.displayeffect@1.1.so
  - vendor/lib/vendor.huawei.hardware.graphics.displayeffect@1.2.so
  - vendor/lib/vendor.huawei.hardware.graphics.gpucommon@1.0.so
  - vendor/lib/vendor.huawei.hardware.graphics.mediacomm@2.0.so
  - vendor/lib/vendor.huawei.hardware.graphics.mediacomm@2.1.so
  - vendor/lib/vendor.huawei.hardware.hisiradio@1.0.so
  - vendor/lib/vendor.huawei.hardware.hisiradio@1.1.so
  - vendor/lib/vendor.huawei.hardware.hisupl@1.0.so
  - vendor/lib/vendor.huawei.hardware.hwfactoryinterface@1.0.so
  - vendor/lib/vendor.huawei.hardware.hwfactoryinterface@1.1.so
  - vendor/lib/vendor.huawei.hardware.hwvibrator@1.0.so
  - vendor/lib/vendor.huawei.hardware.iawareperf@1.0.so
  - vendor/lib/vendor.huawei.hardware.libteec@2.0.so
  - vendor/lib/vendor.huawei.hardware.perfgenius@2.0.so
  - vendor/lib/vendor.huawei.hardware.radio.chr@1.0.so
  - vendor/lib/vendor.huawei.hardware.radio.deprecated@1.0.so
  - vendor/lib/vendor.huawei.hardware.radio.ims@1.0.so
  - vendor/lib/vendor.huawei.hardware.radio@2.0.so
  - vendor/lib/vendor.huawei.hardware.sensors@1.0.so
  - vendor/lib64/egl/libGLES_mali.so
  - vendor/lib64/ese_hw_hal.so
  - vendor/lib64/hw/CameraFactoryService.so
  - vendor/lib64/hw/android.hardware.keymaster@3.0-impl-hisi.so
  - vendor/lib64/hw/audio.primary.hi6250.so
    + Fixed up vendor/lib64/hw/audio.primary.hi6250.so
  - vendor/lib64/hw/fingerprint.hi6250.so
  - vendor/lib64/hw/fm.hisi.hi6250.so
  - vendor/lib64/hw/gatekeeper.hi6250.so
  - vendor/lib64/hw/gps.hi1102.default.so
  - vendor/lib64/hw/gps.hisi.default.so
  - vendor/lib64/hw/gralloc.hi6250.so
    + Fixed up vendor/lib64/hw/gralloc.hi6250.so
  - vendor/lib64/hw/hicam.hal.bz.so
  - vendor/lib64/hw/hicam.hal.service.so
  - vendor/lib64/hw/hisupl.hi1102.default.so
  - vendor/lib64/hw/hisupl.hisi.default.so
  - vendor/lib64/hw/hwcomposer.hi6250.so
    + Fixed up vendor/lib64/hw/hwcomposer.hi6250.so
WARNING: The vendor/lib64/hw/hwcomposer.hi6250.so file was fixed up, but it is pinned.
This is a mistake and you want to either remove the hash completely, or add an extra one.
  - vendor/lib64/hw/keystore.hi6250.so
  - vendor/lib64/hw/lights.hi6250.so
  - vendor/lib64/hw/mediacomm.hi6250.so
  - vendor/lib64/hw/memtrack.hi6250.so
  - vendor/lib64/hw/sensors.hi6250.so
  - vendor/lib64/hw/thermal.hi6250.so
  - vendor/lib64/hw/vendor.huawei.hardware.camera.factory@1.0-impl.so
  - vendor/lib64/hw/vendor.huawei.hardware.gnss@1.2-impl.so
  - vendor/lib64/hw/vendor.huawei.hardware.graphics.mediacomm@2.0-impl.so
  - vendor/lib64/hw/vendor.huawei.hardware.hisupl@1.0-impl.so
  - vendor/lib64/hw/vendor.huawei.hardware.libteec@2.0-impl.so
  - vendor/lib64/hw/vendor.huawei.hardware.perfgenius@2.0-impl.so
  - vendor/lib64/hw/vendor.huawei.hardware.sensors@1.0-impl.so
  - vendor/lib64/hwcam/hwcam.ddt.so
  - vendor/lib64/hwcam/hwcam.services.so
  - vendor/lib64/libBestShot.so
  - vendor/lib64/libFaceBeautyMeiwo.so
  - vendor/lib64/libHW_BShutter.so
  - vendor/lib64/libOpenCLFoundation.so
  - vendor/lib64/libSR_opencl.so
  - vendor/lib64/libSmartAE.so
  - vendor/lib64/libVideoDenoise.so
  - vendor/lib64/lib_device_interface.so
  - vendor/lib64/lib_factory_interface.so
  - vendor/lib64/lib_fpc_tac_shared.so
  - vendor/lib64/lib_mmi_interface.so
  - vendor/lib64/lib_wifi_sar.so
  - vendor/lib64/libasd.so
  - vendor/lib64/libaudio_custom.so
  - vendor/lib64/libaudiodump.so
  - vendor/lib64/libbalong-ril-1.so
  - vendor/lib64/libbalong-ril.so
  - vendor/lib64/libbt-vendor-hisi.so
  - vendor/lib64/libbt-vendor-bcm.so
    + Fixed up vendor/lib64/libbt-vendor-bcm.so
  - vendor/lib64/libc_sec_hisi_connectivity.so
  - vendor/lib64/libc_secshared.so
  - vendor/lib64/libcamera_algo.so
    + Fixed up vendor/lib64/libcamera_algo.so
  - vendor/lib64/libcamera_ivp.so
  - vendor/lib64/libcamerabuffer.so
  - vendor/lib64/libcommril.so
  - vendor/lib64/libconn_factory_test.so
  - vendor/lib64/libcontrastCal.so
  - vendor/lib64/libdcamera_capture.so
  - vendor/lib64/libdcamera_sr.so
  - vendor/lib64/libdcamera_stream.so
  - vendor/lib64/libdcamera_visual_effect.so
  - vendor/lib64/libfaccommon_share.so
  - vendor/lib64/libfacedetection.so
  - vendor/lib64/libfacsignedapi_share.so
  - vendor/lib64/libfcamera_visual_effect.so
  - vendor/lib64/libgnss_common_hisi.so
  - vendor/lib64/libgnss_lss_gw_thirdparty.so
  - vendor/lib64/libgnss_supl10client_hisi.so
  - vendor/lib64/libgnss_supl20client_hisi.so
  - vendor/lib64/libgnss_supl20common_hisi.so
  - vendor/lib64/libgnss_supl20if_hisi.so
  - vendor/lib64/libgpucommon_vendor_client.so
  - vendor/lib64/libhdr.so
  - vendor/lib64/libhiion.so
  - vendor/lib64/libhivwservice.so
    + Fixed up vendor/lib64/libhivwservice.so
  - vendor/lib64/libhuaweiaudioeffectutil.so
  - vendor/lib64/libhuaweicust.so
  - vendor/lib64/libiawareperf_client.so
  - vendor/lib64/libimedia_filters.so
  - vendor/lib64/libispenhnc.so
  - vendor/lib64/libjtag_wdt_ctrl.so
  - vendor/lib64/libkeymaster3_attestation.so
  - vendor/lib64/libmax98925.so
  - vendor/lib64/libmediacomm@2.0-client.so
  - vendor/lib64/libmorpho_effect_library5.so
  - vendor/lib64/libmotiondetect.so
  - vendor/lib64/libmrc_cg_ldc.so
  - vendor/lib64/libmrc_cg_mfdenoise.so
  - vendor/lib64/libmrc_cg_niceFood.so
  - vendor/lib64/libmrc_cg_postprocess.so
  - vendor/lib64/libmrc_cg_postprocess_cl.so
  - vendor/lib64/libmrc_cg_sz.so
  - vendor/lib64/libnvme.so
  - vendor/lib64/liboeminfo.so
  - vendor/lib64/libomx_vxd.so
  - vendor/lib64/libomx_vxe.so
  - vendor/lib64/libperfgenius_vendor_client.so
  - vendor/lib64/libperfhub.so
  - vendor/lib64/libperfhub_service.so
  - vendor/lib64/libpf_customize_hisi.so
  - vendor/lib64/libpf_oneimage_hisi.so
  - vendor/lib64/libpf_rotate_hisi.so
  - vendor/lib64/librttserver.so
  - vendor/lib64/libscenedetection.so
  - vendor/lib64/libsmartpakit.so
  - vendor/lib64/libstagefrighthw.so
  - vendor/lib64/libstorekeybox.so
  - vendor/lib64/libtas2560.so
  - vendor/lib64/libteec.so
  - vendor/lib64/libteec_eid.so
  - vendor/lib64/libteec_vendor.so
  - vendor/lib64/soundfx/libhuaweiprocessing.so
  - vendor/lib64/soundfx/liboffloadvisualizer.so
  - vendor/lib64/vendor.huawei.hardware.ai@1.0.so
  - vendor/lib64/vendor.huawei.hardware.biometrics.hwfacerecognize@1.0.so
  - vendor/lib64/vendor.huawei.hardware.biometrics.hwfacerecognize@1.1.so
  - vendor/lib64/vendor.huawei.hardware.biometrics.hwsecurefacerecognize@1.0.so
  - vendor/lib64/vendor.huawei.hardware.camera.camResource.orbService@1.0.so
  - vendor/lib64/vendor.huawei.hardware.camera.camResource@1.0.so
  - vendor/lib64/vendor.huawei.hardware.camera.camResource@1.1.so
  - vendor/lib64/vendor.huawei.hardware.camera.camResource@1.2.so
  - vendor/lib64/vendor.huawei.hardware.camera.camResource@1.3.so
  - vendor/lib64/vendor.huawei.hardware.camera.cfgsvr@1.0.so
  - vendor/lib64/vendor.huawei.hardware.camera.cfgsvr@1.1.so
  - vendor/lib64/vendor.huawei.hardware.camera.factory@1.0.so
  - vendor/lib64/hw/vendor.huawei.hardware.fm@1.0-impl.so
  - vendor/lib64/vendor.huawei.hardware.fm@1.0.so
  - vendor/lib64/vendor.huawei.hardware.gnss@1.0.so
  - vendor/lib64/vendor.huawei.hardware.gnss@1.1.so
  - vendor/lib64/vendor.huawei.hardware.gnss@1.2.so
  - vendor/lib64/vendor.huawei.hardware.graphics.displayeffect@1.0.so
  - vendor/lib64/vendor.huawei.hardware.graphics.displayeffect@1.1.so
  - vendor/lib64/vendor.huawei.hardware.graphics.displayeffect@1.2.so
  - vendor/lib64/vendor.huawei.hardware.graphics.gpucommon@1.0.so
  - vendor/lib64/vendor.huawei.hardware.graphics.mediacomm@2.0.so
  - vendor/lib64/vendor.huawei.hardware.graphics.mediacomm@2.1.so
  - vendor/lib64/vendor.huawei.hardware.hisiradio@1.0.so
  - vendor/lib64/vendor.huawei.hardware.hisiradio@1.1.so
  - vendor/lib64/vendor.huawei.hardware.hisupl@1.0.so
  - vendor/lib64/vendor.huawei.hardware.hwfactoryinterface@1.0.so
  - vendor/lib64/vendor.huawei.hardware.hwfactoryinterface@1.1.so
  - vendor/lib64/vendor.huawei.hardware.hwvibrator@1.0.so
  - vendor/lib64/vendor.huawei.hardware.iawareperf@1.0.so
  - vendor/lib64/vendor.huawei.hardware.libteec@2.0.so
  - vendor/lib64/vendor.huawei.hardware.perfgenius@2.0.so
  - vendor/lib64/vendor.huawei.hardware.radio.chr@1.0.so
  - vendor/lib64/vendor.huawei.hardware.radio.deprecated@1.0.so
  - vendor/lib64/vendor.huawei.hardware.radio.ims@1.0.so
  - vendor/lib64/vendor.huawei.hardware.radio@2.0.so
  - vendor/lib64/vendor.huawei.hardware.rtt@1.0.so
  - vendor/lib64/vendor.huawei.hardware.sensors@1.0.so
  - vendor/modem/modem_fw/readme.txt
  - vendor/phone.prop
  - vendor/usr/idc/fingerprint.idc
  - bin/tee_auth_daemon
  - lib/libHidlUtil.so
  - lib/libc_secshared.so
  - lib/libfm_jni.so
    + Fixed up lib/libfm_jni.so
  - lib/libteec_client.so
  - lib/libteeclientjni.so
  - lib/libtuidaemon.so
  - lib/vendor.huawei.hardware.fm@1.0.so
  - lib/vendor.huawei.hardware.libteec@1.0.so
  - lib/vendor.huawei.hardware.libteec@2.0.so
  - vendor/lib/libunwindstack_v28.so
  - lib64/libHidlUtil.so
  - lib64/libc_secshared.so
  - lib64/libfm_jni.so
    + Fixed up lib64/libfm_jni.so
  - lib64/libteec_client.so
  - lib64/libteeclientjni.so
  - lib64/libtuidaemon.so
  - lib64/vendor.huawei.hardware.fm@1.0.so
  - lib64/vendor.huawei.hardware.libteec@1.0.so
  - lib64/vendor.huawei.hardware.libteec@2.0.so
  - vendor/lib64/libunwindstack_v28.so
  - vendor/lib/libril.so
  - vendor/lib64/libril.so
Cleaning output directory (./../../huawei/hi6250-9-common/../../../vendor/huawei/anne/proprietary)..
Extracting 304 files in ./../../huawei/hi6250-9-common/../anne/proprietary-files.txt from ./dump/:
  - odm/etc/audio/algorithm/algorithm_anne_normal.xml
  - odm/etc/audio/dts/dts_anne_normal.xml
  - odm/etc/audio/hissc/mixer_paths_anne.xml
  - odm/etc/audio/hissc/mixer_volumes_anne_ce.xml
  - odm/etc/audio/hissc/mixer_volumes_anne_cmcciot.xml
  - odm/etc/audio/hissc/mixer_volumes_anne_gcf.xml
  - odm/etc/audio/hissc/mixer_volumes_anne_normal.xml
  - odm/etc/audio/hissc/mixer_volumes_anne_telecomiot.xml
  - odm/etc/audio/hissc/mixer_volumes_anne_unicomiot.xml
  - odm/etc/audio/hissc/pop_seq_anne.xml
  - odm/etc/audio/mbdrc/mbdrc_anne_normal.xml
    + Fixed up odm/etc/audio/mbdrc/mbdrc_anne_normal.xml
  - odm/etc/audio/modem/modem_anne_cmcciot.xml
  - odm/etc/audio/modem/modem_anne_gcf.xml
  - odm/etc/audio/modem/modem_anne_normal.xml
  - odm/etc/audio/modem/modem_anne_telecomiot.xml
  - odm/etc/audio/modem/modem_anne_unicomiot.xml
  - odm/etc/audio/sws/sws_3d_anne_normal.cfg
  - odm/etc/audio/sws/sws_anne_normal.xml
    + Fixed up odm/etc/audio/sws/sws_anne_normal.xml
  - odm/etc/audio/tracklogconfig/codectracklog.config
  - odm/etc/audio/tracklogconfig/soctracklog.config
  - odm/etc/audio/version
  - odm/etc/audio/volume/audio_policy_volumes.xml
    + Fixed up odm/etc/audio/volume/audio_policy_volumes.xml
  - odm/etc/audio/volume/volume_point.xml
  - odm/etc/camera/bshutter/device.config
  - odm/etc/camera/bshutter/flash.txt
  - odm/etc/camera/bshutter/imx498/algo.xml
    + Fixed up odm/etc/camera/bshutter/imx498/algo.xml
  - odm/etc/camera/bshutter/imx498/info.xml
    + Fixed up odm/etc/camera/bshutter/imx498/info.xml
  - odm/etc/camera/bshutter/ov16b10/algo.xml
    + Fixed up odm/etc/camera/bshutter/ov16b10/algo.xml
  - odm/etc/camera/bshutter/ov16b10/info.xml
    + Fixed up odm/etc/camera/bshutter/ov16b10/info.xml
  - odm/etc/camera/configeffect/digitalzoom/device.config
  - odm/etc/camera/configeffect/digitalzoom/imx498/gcd.xml
    + Fixed up odm/etc/camera/configeffect/digitalzoom/imx498/gcd.xml
  - odm/etc/camera/configeffect/digitalzoom/imx498/rawnf.xml
    + Fixed up odm/etc/camera/configeffect/digitalzoom/imx498/rawnf.xml
  - odm/etc/camera/configeffect/digitalzoom/imx498/sharpen.xml
    + Fixed up odm/etc/camera/configeffect/digitalzoom/imx498/sharpen.xml
  - odm/etc/camera/configeffect/digitalzoom/imx498/yuvnf.xml
    + Fixed up odm/etc/camera/configeffect/digitalzoom/imx498/yuvnf.xml
  - odm/etc/camera/configeffect/digitalzoom/ov16b10/gcd.xml
    + Fixed up odm/etc/camera/configeffect/digitalzoom/ov16b10/gcd.xml
  - odm/etc/camera/configeffect/digitalzoom/ov16b10/rawnf.xml
    + Fixed up odm/etc/camera/configeffect/digitalzoom/ov16b10/rawnf.xml
  - odm/etc/camera/configeffect/digitalzoom/ov16b10/sharpen.xml
    + Fixed up odm/etc/camera/configeffect/digitalzoom/ov16b10/sharpen.xml
  - odm/etc/camera/configeffect/digitalzoom/ov16b10/yuvnf.xml
    + Fixed up odm/etc/camera/configeffect/digitalzoom/ov16b10/yuvnf.xml
  - odm/etc/camera/configeffect/multidenoise/default/rawnf.xml
    + Fixed up odm/etc/camera/configeffect/multidenoise/default/rawnf.xml
  - odm/etc/camera/configeffect/multidenoise/default/sharpen.xml
    + Fixed up odm/etc/camera/configeffect/multidenoise/default/sharpen.xml
  - odm/etc/camera/configeffect/multidenoise/default/yuvnf.xml
    + Fixed up odm/etc/camera/configeffect/multidenoise/default/yuvnf.xml
  - odm/etc/camera/configeffect/multidenoise/device.config
  - odm/etc/camera/configeffect/multidenoise/imx371/rawnf.xml
    + Fixed up odm/etc/camera/configeffect/multidenoise/imx371/rawnf.xml
  - odm/etc/camera/configeffect/multidenoise/imx371/sharpen.xml
    + Fixed up odm/etc/camera/configeffect/multidenoise/imx371/sharpen.xml
  - odm/etc/camera/configeffect/multidenoise/imx371/yuvnf.xml
    + Fixed up odm/etc/camera/configeffect/multidenoise/imx371/yuvnf.xml
  - odm/etc/camera/configeffect/multidenoise/imx498/rawnf.xml
    + Fixed up odm/etc/camera/configeffect/multidenoise/imx498/rawnf.xml
  - odm/etc/camera/configeffect/multidenoise/imx498/sharpen.xml
  - odm/etc/camera/configeffect/multidenoise/imx498/yuvnf.xml
    + Fixed up odm/etc/camera/configeffect/multidenoise/imx498/yuvnf.xml
  - odm/etc/camera/configeffect/multidenoise/imx576/rawnf.xml
    + Fixed up odm/etc/camera/configeffect/multidenoise/imx576/rawnf.xml
  - odm/etc/camera/configeffect/multidenoise/imx576/sharpen.xml
    + Fixed up odm/etc/camera/configeffect/multidenoise/imx576/sharpen.xml
  - odm/etc/camera/configeffect/multidenoise/imx576/yuvnf.xml
    + Fixed up odm/etc/camera/configeffect/multidenoise/imx576/yuvnf.xml
  - odm/etc/camera/configeffect/multidenoise/ov16885/rawnf.xml
    + Fixed up odm/etc/camera/configeffect/multidenoise/ov16885/rawnf.xml
  - odm/etc/camera/configeffect/multidenoise/ov16885/sharpen.xml
    + Fixed up odm/etc/camera/configeffect/multidenoise/ov16885/sharpen.xml
  - odm/etc/camera/configeffect/multidenoise/ov16885/yuvnf.xml
    + Fixed up odm/etc/camera/configeffect/multidenoise/ov16885/yuvnf.xml
  - odm/etc/camera/configeffect/multidenoise/ov16b10/rawnf.xml
    + Fixed up odm/etc/camera/configeffect/multidenoise/ov16b10/rawnf.xml
  - odm/etc/camera/configeffect/multidenoise/ov16b10/sharpen.xml
  - odm/etc/camera/configeffect/multidenoise/ov16b10/yuvnf.xml
    + Fixed up odm/etc/camera/configeffect/multidenoise/ov16b10/yuvnf.xml
  - odm/etc/camera/configeffect/multidenoise/s5k3p8/rawnf.xml
    + Fixed up odm/etc/camera/configeffect/multidenoise/s5k3p8/rawnf.xml
  - odm/etc/camera/configeffect/multidenoise/s5k3p8/sharpen.xml
    + Fixed up odm/etc/camera/configeffect/multidenoise/s5k3p8/sharpen.xml
  - odm/etc/camera/configeffect/multidenoise/s5k3p8/yuvnf.xml
    + Fixed up odm/etc/camera/configeffect/multidenoise/s5k3p8/yuvnf.xml
  - odm/etc/camera/configeffect/quadra/S5K3P8/gcd.xml
    + Fixed up odm/etc/camera/configeffect/quadra/S5K3P8/gcd.xml
  - odm/etc/camera/configeffect/quadra/S5K3P8/rawnf.xml
    + Fixed up odm/etc/camera/configeffect/quadra/S5K3P8/rawnf.xml
  - odm/etc/camera/configeffect/quadra/S5K3P8/sharpen.xml
    + Fixed up odm/etc/camera/configeffect/quadra/S5K3P8/sharpen.xml
  - odm/etc/camera/configeffect/quadra/S5K3P8/yuvnf.xml
    + Fixed up odm/etc/camera/configeffect/quadra/S5K3P8/yuvnf.xml
  - odm/etc/camera/configeffect/quadra/default/gcd.xml
    + Fixed up odm/etc/camera/configeffect/quadra/default/gcd.xml
  - odm/etc/camera/configeffect/quadra/default/rawnf.xml
    + Fixed up odm/etc/camera/configeffect/quadra/default/rawnf.xml
  - odm/etc/camera/configeffect/quadra/default/sharpen.xml
    + Fixed up odm/etc/camera/configeffect/quadra/default/sharpen.xml
  - odm/etc/camera/configeffect/quadra/default/yuvnf.xml
    + Fixed up odm/etc/camera/configeffect/quadra/default/yuvnf.xml
  - odm/etc/camera/configeffect/quadra/device.config
  - odm/etc/camera/configeffect/quadra/imx371/gcd.xml
    + Fixed up odm/etc/camera/configeffect/quadra/imx371/gcd.xml
  - odm/etc/camera/configeffect/quadra/imx371/rawnf.xml
    + Fixed up odm/etc/camera/configeffect/quadra/imx371/rawnf.xml
  - odm/etc/camera/configeffect/quadra/imx371/sharpen.xml
    + Fixed up odm/etc/camera/configeffect/quadra/imx371/sharpen.xml
  - odm/etc/camera/configeffect/quadra/imx371/yuvnf.xml
    + Fixed up odm/etc/camera/configeffect/quadra/imx371/yuvnf.xml
  - odm/etc/camera/configeffect/quadra/imx576/gcd.xml
    + Fixed up odm/etc/camera/configeffect/quadra/imx576/gcd.xml
  - odm/etc/camera/configeffect/quadra/imx576/rawnf.xml
    + Fixed up odm/etc/camera/configeffect/quadra/imx576/rawnf.xml
  - odm/etc/camera/configeffect/quadra/imx576/sharpen.xml
    + Fixed up odm/etc/camera/configeffect/quadra/imx576/sharpen.xml
  - odm/etc/camera/configeffect/quadra/imx576/yuvnf.xml
    + Fixed up odm/etc/camera/configeffect/quadra/imx576/yuvnf.xml
  - odm/etc/camera/configeffect/quadra/ov16885/gcd.xml
    + Fixed up odm/etc/camera/configeffect/quadra/ov16885/gcd.xml
  - odm/etc/camera/configeffect/quadra/ov16885/rawnf.xml
    + Fixed up odm/etc/camera/configeffect/quadra/ov16885/rawnf.xml
  - odm/etc/camera/configeffect/quadra/ov16885/sharpen.xml
    + Fixed up odm/etc/camera/configeffect/quadra/ov16885/sharpen.xml
  - odm/etc/camera/configeffect/quadra/ov16885/yuvnf.xml
    + Fixed up odm/etc/camera/configeffect/quadra/ov16885/yuvnf.xml
  - odm/etc/camera/davinci/default/hdr.xml
    + Fixed up odm/etc/camera/davinci/default/hdr.xml
  - odm/etc/camera/davinci/default/imgproc.xml
    + Fixed up odm/etc/camera/davinci/default/imgproc.xml
  - odm/etc/camera/davinci/default/multiframe.xml
    + Fixed up odm/etc/camera/davinci/default/multiframe.xml
  - odm/etc/camera/davinci/device.config
  - odm/etc/camera/davinci/imx371/hdr.xml
    + Fixed up odm/etc/camera/davinci/imx371/hdr.xml
  - odm/etc/camera/davinci/imx371/imgproc.xml
    + Fixed up odm/etc/camera/davinci/imx371/imgproc.xml
  - odm/etc/camera/davinci/imx371/multiframe.xml
    + Fixed up odm/etc/camera/davinci/imx371/multiframe.xml
  - odm/etc/camera/davinci/imx371/quadra/imgproc.xml
    + Fixed up odm/etc/camera/davinci/imx371/quadra/imgproc.xml
  - odm/etc/camera/davinci/imx498/hdr.xml
    + Fixed up odm/etc/camera/davinci/imx498/hdr.xml
  - odm/etc/camera/davinci/imx498/imgproc.xml
    + Fixed up odm/etc/camera/davinci/imx498/imgproc.xml
  - odm/etc/camera/davinci/imx498/multiframe.xml
    + Fixed up odm/etc/camera/davinci/imx498/multiframe.xml
  - odm/etc/camera/davinci/imx498/nicefood/imgproc.xml
    + Fixed up odm/etc/camera/davinci/imx498/nicefood/imgproc.xml
  - odm/etc/camera/davinci/imx576/hdr.xml
    + Fixed up odm/etc/camera/davinci/imx576/hdr.xml
  - odm/etc/camera/davinci/imx576/imgproc.xml
    + Fixed up odm/etc/camera/davinci/imx576/imgproc.xml
  - odm/etc/camera/davinci/imx576/multiframe.xml
    + Fixed up odm/etc/camera/davinci/imx576/multiframe.xml
  - odm/etc/camera/davinci/imx576/quadra/imgproc.xml
    + Fixed up odm/etc/camera/davinci/imx576/quadra/imgproc.xml
  - odm/etc/camera/davinci/kernel/davinciclkernel_32.bin
  - odm/etc/camera/davinci/kernel/davinciclkernel_64.bin
  - odm/etc/camera/davinci/ov16885/hdr.xml
    + Fixed up odm/etc/camera/davinci/ov16885/hdr.xml
  - odm/etc/camera/davinci/ov16885/imgproc.xml
    + Fixed up odm/etc/camera/davinci/ov16885/imgproc.xml
  - odm/etc/camera/davinci/ov16885/multiframe.xml
    + Fixed up odm/etc/camera/davinci/ov16885/multiframe.xml
  - odm/etc/camera/davinci/ov16885/quadra/imgproc.xml
    + Fixed up odm/etc/camera/davinci/ov16885/quadra/imgproc.xml
  - odm/etc/camera/davinci/ov16b10/hdr.xml
    + Fixed up odm/etc/camera/davinci/ov16b10/hdr.xml
  - odm/etc/camera/davinci/ov16b10/imgproc.xml
    + Fixed up odm/etc/camera/davinci/ov16b10/imgproc.xml
  - odm/etc/camera/davinci/ov16b10/multiframe.xml
    + Fixed up odm/etc/camera/davinci/ov16b10/multiframe.xml
  - odm/etc/camera/davinci/ov16b10/nicefood/imgproc.xml
    + Fixed up odm/etc/camera/davinci/ov16b10/nicefood/imgproc.xml
  - odm/etc/camera/davinci/s5k3p8/hdr.xml
    + Fixed up odm/etc/camera/davinci/s5k3p8/hdr.xml
  - odm/etc/camera/davinci/s5k3p8/imgproc.xml
    + Fixed up odm/etc/camera/davinci/s5k3p8/imgproc.xml
  - odm/etc/camera/davinci/s5k3p8/multiframe.xml
    + Fixed up odm/etc/camera/davinci/s5k3p8/multiframe.xml
  - odm/etc/camera/davinci/s5k3p8/quadra/imgproc.xml
    + Fixed up odm/etc/camera/davinci/s5k3p8/quadra/imgproc.xml
  - odm/etc/camera/dcamera/config.xml
    + Fixed up odm/etc/camera/dcamera/config.xml
  - odm/etc/camera/dcamera/dual_lave_platformconfig.xml
  - odm/etc/camera/facebeauty/config.xml
    + Fixed up odm/etc/camera/facebeauty/config.xml
  - odm/etc/camera/facedetection/config.xml
    + Fixed up odm/etc/camera/facedetection/config.xml
  - odm/etc/camera/frontbokeh/0T.dat
  - odm/etc/camera/frontbokeh/1T.dat
  - odm/etc/camera/frontbokeh/2T.dat
  - odm/etc/camera/frontbokeh/3T.dat
  - odm/etc/camera/frontbokeh/4T.dat
  - odm/etc/camera/frontbokeh/5T.dat
  - odm/etc/camera/frontbokeh/6T.dat
  - odm/etc/camera/frontbokeh/7T.dat
  - odm/etc/camera/frontbokeh/8T.dat
  - odm/etc/camera/frontbokeh/DNN_Seg_Short_329.model
  - odm/etc/camera/frontbokeh/FcveConfig.dat
  - odm/etc/camera/frontbokeh/blfkernelI_001.dat
  - odm/etc/camera/frontbokeh/blfkernelI_005.dat
  - odm/etc/camera/frontbokeh/blfkernelI_010.dat
  - odm/etc/camera/frontbokeh/fcve.xml
    + Fixed up odm/etc/camera/frontbokeh/fcve.xml
  - odm/etc/camera/frontbokeh/frontBokeh_lensBlur.bin
  - odm/etc/camera/hdflash/device.config
  - odm/etc/camera/hdflash/imx498/hdflash.xml
    + Fixed up odm/etc/camera/hdflash/imx498/hdflash.xml
  - odm/etc/camera/hdflash/ov16b10/hdflash.xml
    + Fixed up odm/etc/camera/hdflash/ov16b10/hdflash.xml
  - odm/etc/camera/hisppreproc.xml
    + Fixed up odm/etc/camera/hisppreproc.xml
  - odm/etc/camera/hwbeauty/default/foreign/hwbeauty_params.xml
    + Fixed up odm/etc/camera/hwbeauty/default/foreign/hwbeauty_params.xml
  - odm/etc/camera/hwbeauty/default/hwbeauty_params.xml
    + Fixed up odm/etc/camera/hwbeauty/default/hwbeauty_params.xml
  - odm/etc/camera/hwbeauty/device.config
  - odm/etc/camera/hwbeauty/imx371/bm/hwbeauty_params.xml
    + Fixed up odm/etc/camera/hwbeauty/imx371/bm/hwbeauty_params.xml
  - odm/etc/camera/hwbeauty/imx371/hwbeauty_params.xml
    + Fixed up odm/etc/camera/hwbeauty/imx371/hwbeauty_params.xml
  - odm/etc/camera/hwbeauty/imx371/lm/hwbeauty_params.xml
    + Fixed up odm/etc/camera/hwbeauty/imx371/lm/hwbeauty_params.xml
  - odm/etc/camera/hwbeauty/imx371/ntdny/hwbeauty_params.xml
    + Fixed up odm/etc/camera/hwbeauty/imx371/ntdny/hwbeauty_params.xml
  - odm/etc/camera/hwbeauty/imx371/oz/hwbeauty_params.xml
    + Fixed up odm/etc/camera/hwbeauty/imx371/oz/hwbeauty_params.xml
  - odm/etc/camera/hwbeauty/imx371/rh/hwbeauty_params.xml
    + Fixed up odm/etc/camera/hwbeauty/imx371/rh/hwbeauty_params.xml
  - odm/etc/camera/hwbeauty/imx371/zdfz/hwbeauty_params.xml
    + Fixed up odm/etc/camera/hwbeauty/imx371/zdfz/hwbeauty_params.xml
  - odm/etc/camera/hwbeauty/imx371/zg/hwbeauty_params.xml
    + Fixed up odm/etc/camera/hwbeauty/imx371/zg/hwbeauty_params.xml
  - odm/etc/camera/hwbeauty/imx498/bm/hwbeauty_params.xml
    + Fixed up odm/etc/camera/hwbeauty/imx498/bm/hwbeauty_params.xml
  - odm/etc/camera/hwbeauty/imx498/hwbeauty_params.xml
    + Fixed up odm/etc/camera/hwbeauty/imx498/hwbeauty_params.xml
  - odm/etc/camera/hwbeauty/imx498/lm/hwbeauty_params.xml
    + Fixed up odm/etc/camera/hwbeauty/imx498/lm/hwbeauty_params.xml
  - odm/etc/camera/hwbeauty/imx498/ntdny/hwbeauty_params.xml
    + Fixed up odm/etc/camera/hwbeauty/imx498/ntdny/hwbeauty_params.xml
  - odm/etc/camera/hwbeauty/imx498/oz/hwbeauty_params.xml
    + Fixed up odm/etc/camera/hwbeauty/imx498/oz/hwbeauty_params.xml
  - odm/etc/camera/hwbeauty/imx498/rh/hwbeauty_params.xml
    + Fixed up odm/etc/camera/hwbeauty/imx498/rh/hwbeauty_params.xml
  - odm/etc/camera/hwbeauty/imx498/zdfz/hwbeauty_params.xml
    + Fixed up odm/etc/camera/hwbeauty/imx498/zdfz/hwbeauty_params.xml
  - odm/etc/camera/hwbeauty/imx498/zg/hwbeauty_params.xml
    + Fixed up odm/etc/camera/hwbeauty/imx498/zg/hwbeauty_params.xml
  - odm/etc/camera/hwbeauty/imx576/bm/hwbeauty_params.xml
    + Fixed up odm/etc/camera/hwbeauty/imx576/bm/hwbeauty_params.xml
  - odm/etc/camera/hwbeauty/imx576/hwbeauty_params.xml
    + Fixed up odm/etc/camera/hwbeauty/imx576/hwbeauty_params.xml
  - odm/etc/camera/hwbeauty/imx576/lm/hwbeauty_params.xml
    + Fixed up odm/etc/camera/hwbeauty/imx576/lm/hwbeauty_params.xml
  - odm/etc/camera/hwbeauty/imx576/ntdny/hwbeauty_params.xml
    + Fixed up odm/etc/camera/hwbeauty/imx576/ntdny/hwbeauty_params.xml
  - odm/etc/camera/hwbeauty/imx576/oz/hwbeauty_params.xml
    + Fixed up odm/etc/camera/hwbeauty/imx576/oz/hwbeauty_params.xml
  - odm/etc/camera/hwbeauty/imx576/rh/hwbeauty_params.xml
    + Fixed up odm/etc/camera/hwbeauty/imx576/rh/hwbeauty_params.xml
  - odm/etc/camera/hwbeauty/imx576/zdfz/hwbeauty_params.xml
    + Fixed up odm/etc/camera/hwbeauty/imx576/zdfz/hwbeauty_params.xml
  - odm/etc/camera/hwbeauty/imx576/zg/hwbeauty_params.xml
    + Fixed up odm/etc/camera/hwbeauty/imx576/zg/hwbeauty_params.xml
  - odm/etc/camera/hwbeauty/ov16885/bm/hwbeauty_params.xml
    + Fixed up odm/etc/camera/hwbeauty/ov16885/bm/hwbeauty_params.xml
  - odm/etc/camera/hwbeauty/ov16885/hwbeauty_params.xml
    + Fixed up odm/etc/camera/hwbeauty/ov16885/hwbeauty_params.xml
  - odm/etc/camera/hwbeauty/ov16885/lm/hwbeauty_params.xml
    + Fixed up odm/etc/camera/hwbeauty/ov16885/lm/hwbeauty_params.xml
  - odm/etc/camera/hwbeauty/ov16885/ntdny/hwbeauty_params.xml
    + Fixed up odm/etc/camera/hwbeauty/ov16885/ntdny/hwbeauty_params.xml
  - odm/etc/camera/hwbeauty/ov16885/oz/hwbeauty_params.xml
    + Fixed up odm/etc/camera/hwbeauty/ov16885/oz/hwbeauty_params.xml
  - odm/etc/camera/hwbeauty/ov16885/rh/hwbeauty_params.xml
    + Fixed up odm/etc/camera/hwbeauty/ov16885/rh/hwbeauty_params.xml
  - odm/etc/camera/hwbeauty/ov16885/zdfz/hwbeauty_params.xml
    + Fixed up odm/etc/camera/hwbeauty/ov16885/zdfz/hwbeauty_params.xml
  - odm/etc/camera/hwbeauty/ov16885/zg/hwbeauty_params.xml
    + Fixed up odm/etc/camera/hwbeauty/ov16885/zg/hwbeauty_params.xml
  - odm/etc/camera/hwbeauty/ov16b10/bm/hwbeauty_params.xml
    + Fixed up odm/etc/camera/hwbeauty/ov16b10/bm/hwbeauty_params.xml
  - odm/etc/camera/hwbeauty/ov16b10/hwbeauty_params.xml
    + Fixed up odm/etc/camera/hwbeauty/ov16b10/hwbeauty_params.xml
  - odm/etc/camera/hwbeauty/ov16b10/lm/hwbeauty_params.xml
    + Fixed up odm/etc/camera/hwbeauty/ov16b10/lm/hwbeauty_params.xml
  - odm/etc/camera/hwbeauty/ov16b10/ntdny/hwbeauty_params.xml
    + Fixed up odm/etc/camera/hwbeauty/ov16b10/ntdny/hwbeauty_params.xml
  - odm/etc/camera/hwbeauty/ov16b10/oz/hwbeauty_params.xml
    + Fixed up odm/etc/camera/hwbeauty/ov16b10/oz/hwbeauty_params.xml
  - odm/etc/camera/hwbeauty/ov16b10/rh/hwbeauty_params.xml
    + Fixed up odm/etc/camera/hwbeauty/ov16b10/rh/hwbeauty_params.xml
  - odm/etc/camera/hwbeauty/ov16b10/zdfz/hwbeauty_params.xml
    + Fixed up odm/etc/camera/hwbeauty/ov16b10/zdfz/hwbeauty_params.xml
  - odm/etc/camera/hwbeauty/ov16b10/zg/hwbeauty_params.xml
    + Fixed up odm/etc/camera/hwbeauty/ov16b10/zg/hwbeauty_params.xml
  - odm/etc/camera/hwbeauty/s5k3p8/bm/hwbeauty_params.xml
    + Fixed up odm/etc/camera/hwbeauty/s5k3p8/bm/hwbeauty_params.xml
  - odm/etc/camera/hwbeauty/s5k3p8/hwbeauty_params.xml
    + Fixed up odm/etc/camera/hwbeauty/s5k3p8/hwbeauty_params.xml
  - odm/etc/camera/hwbeauty/s5k3p8/lm/hwbeauty_params.xml
    + Fixed up odm/etc/camera/hwbeauty/s5k3p8/lm/hwbeauty_params.xml
  - odm/etc/camera/hwbeauty/s5k3p8/ntdny/hwbeauty_params.xml
    + Fixed up odm/etc/camera/hwbeauty/s5k3p8/ntdny/hwbeauty_params.xml
  - odm/etc/camera/hwbeauty/s5k3p8/oz/hwbeauty_params.xml
    + Fixed up odm/etc/camera/hwbeauty/s5k3p8/oz/hwbeauty_params.xml
  - odm/etc/camera/hwbeauty/s5k3p8/rh/hwbeauty_params.xml
    + Fixed up odm/etc/camera/hwbeauty/s5k3p8/rh/hwbeauty_params.xml
  - odm/etc/camera/hwbeauty/s5k3p8/zdfz/hwbeauty_params.xml
    + Fixed up odm/etc/camera/hwbeauty/s5k3p8/zdfz/hwbeauty_params.xml
  - odm/etc/camera/hwbeauty/s5k3p8/zg/hwbeauty_params.xml
    + Fixed up odm/etc/camera/hwbeauty/s5k3p8/zg/hwbeauty_params.xml
  - odm/etc/camera/hwldc/default/hwldc_config.xml
    + Fixed up odm/etc/camera/hwldc/default/hwldc_config.xml
  - odm/etc/camera/hwldc/device.config
  - odm/etc/camera/hwldc/imx371/hwldc_config.xml
    + Fixed up odm/etc/camera/hwldc/imx371/hwldc_config.xml
  - odm/etc/camera/hwldc/imx576/hwldc_config.xml
    + Fixed up odm/etc/camera/hwldc/imx576/hwldc_config.xml
  - odm/etc/camera/hwldc/ov16885/hwldc_config.xml
    + Fixed up odm/etc/camera/hwldc/ov16885/hwldc_config.xml
  - odm/etc/camera/hwldc/s5k3p8/hwldc_config.xml
    + Fixed up odm/etc/camera/hwldc/s5k3p8/hwldc_config.xml
  - odm/etc/camera/hwscope/device.config
  - odm/etc/camera/hwscope/imx498/hwsz.xml
    + Fixed up odm/etc/camera/hwscope/imx498/hwsz.xml
  - odm/etc/camera/hwscope/imx498/kernel
  - odm/etc/camera/hwscope/ov16b10/hwsz.xml
    + Fixed up odm/etc/camera/hwscope/ov16b10/hwsz.xml
  - odm/etc/camera/hwscope/ov16b10/kernel
  - odm/etc/camera/ippalgoconfig.xml
    + Fixed up odm/etc/camera/ippalgoconfig.xml
  - odm/etc/camera/ispenhnc/ispenhncalgoconfig.xml
    + Fixed up odm/etc/camera/ispenhnc/ispenhncalgoconfig.xml
  - odm/etc/camera/mempoolcfg.xml
    + Fixed up odm/etc/camera/mempoolcfg.xml
  - odm/etc/camera/mmi7cm/device.config
  - odm/etc/camera/mmi7cm/imx498/mmi7cmConfig.xml
    + Fixed up odm/etc/camera/mmi7cm/imx498/mmi7cmConfig.xml
  - odm/etc/camera/mmi7cm/ov16b10/mmi7cmConfig.xml
    + Fixed up odm/etc/camera/mmi7cm/ov16b10/mmi7cmConfig.xml
  - odm/etc/camera/monitor_config.xml
    + Fixed up odm/etc/camera/monitor_config.xml
  - odm/etc/camera/multidenoise/default/multiframe.xml
    + Fixed up odm/etc/camera/multidenoise/default/multiframe.xml
  - odm/etc/camera/multidenoise/device.config
  - odm/etc/camera/multidenoise/imx371/multiframe.xml
    + Fixed up odm/etc/camera/multidenoise/imx371/multiframe.xml
  - odm/etc/camera/multidenoise/imx498/multiframe.xml
    + Fixed up odm/etc/camera/multidenoise/imx498/multiframe.xml
  - odm/etc/camera/multidenoise/imx576/multiframe.xml
    + Fixed up odm/etc/camera/multidenoise/imx576/multiframe.xml
  - odm/etc/camera/multidenoise/ov16885/multiframe.xml
    + Fixed up odm/etc/camera/multidenoise/ov16885/multiframe.xml
  - odm/etc/camera/multidenoise/ov16b10/multiframe.xml
    + Fixed up odm/etc/camera/multidenoise/ov16b10/multiframe.xml
  - odm/etc/camera/multidenoise/s5k3p8/multiframe.xml
    + Fixed up odm/etc/camera/multidenoise/s5k3p8/multiframe.xml
  - odm/etc/camera/nicefood/device.config
  - odm/etc/camera/nicefood/rear/niceFood.dat
  - odm/etc/camera/offlinealgocfg.xml
    + Fixed up odm/etc/camera/offlinealgocfg.xml
  - odm/etc/camera/portrait/portraitModeConfig.xml
    + Fixed up odm/etc/camera/portrait/portraitModeConfig.xml
  - odm/etc/camera/powermonitor/config.xml
    + Fixed up odm/etc/camera/powermonitor/config.xml
  - odm/etc/camera/ppconfig.xml
    + Fixed up odm/etc/camera/ppconfig.xml
  - odm/etc/camera/quadra/S5K3P8/config.xml
    + Fixed up odm/etc/camera/quadra/S5K3P8/config.xml
  - odm/etc/camera/quadra/default/config.xml
    + Fixed up odm/etc/camera/quadra/default/config.xml
  - odm/etc/camera/quadra/device.config
  - odm/etc/camera/quadra/imx371/config.xml
    + Fixed up odm/etc/camera/quadra/imx371/config.xml
  - odm/etc/camera/quadra/imx576/config.xml
    + Fixed up odm/etc/camera/quadra/imx576/config.xml
  - odm/etc/camera/quadra/ov16885/config.xml
    + Fixed up odm/etc/camera/quadra/ov16885/config.xml
  - odm/etc/camera/smartae/default/SmartAE.xml
    + Fixed up odm/etc/camera/smartae/default/SmartAE.xml
  - odm/etc/camera/smartae/device.config
  - odm/etc/camera/smartae/imx371/SmartAE.xml
    + Fixed up odm/etc/camera/smartae/imx371/SmartAE.xml
  - odm/etc/camera/smartae/imx498/SmartAE.xml
    + Fixed up odm/etc/camera/smartae/imx498/SmartAE.xml
  - odm/etc/camera/smartae/imx576/SmartAE.xml
    + Fixed up odm/etc/camera/smartae/imx576/SmartAE.xml
  - odm/etc/camera/smartae/ov16885/SmartAE.xml
    + Fixed up odm/etc/camera/smartae/ov16885/SmartAE.xml
  - odm/etc/camera/smartae/ov16b10/SmartAE.xml
    + Fixed up odm/etc/camera/smartae/ov16b10/SmartAE.xml
  - odm/etc/camera/smartae/s5k3p8/SmartAE.xml
    + Fixed up odm/etc/camera/smartae/s5k3p8/SmartAE.xml
  - odm/etc/camera/tornado/default/TornadoI.ini
  - odm/etc/camera/tornado/device.config
  - odm/etc/camera/tornado/imx371/TornadoI.ini
  - odm/etc/camera/tornado/imx498/TornadoI.ini
  - odm/etc/camera/tornado/imx576/TornadoI.ini
  - odm/etc/camera/tornado/ov16885/TornadoI.ini
  - odm/etc/camera/tornado/ov16b10/TornadoI.ini
  - odm/etc/camera/tornado/s5k3p8/TornadoI.ini
  - odm/etc/firmware/libpn551_fw.so
  - odm/etc/firmware/ts/anne530000_AFT_param.csv
  - odm/etc/firmware/ts/anne540200_AFT_param.csv
  - odm/etc/firmware/ts/anne540300_AFT_param.csv
  - odm/etc/firmware/ts/anne_fts_anne53000_auo.img
  - odm/etc/firmware/ts/anne_fts_anne53000_boe.img
  - odm/etc/firmware/ts/anne_fts_anne53000_ctc.img
  - odm/etc/firmware/ts/anne_fts_anne53000_oflim.img
  - odm/etc/firmware/ts/anne_fts_anne53000_oflim_limits.csv
  - odm/etc/firmware/ts/anne_fts_anne53000_tm.img
  - odm/etc/firmware/ts/anne_gt1x_1158.bin
  - odm/etc/firmware/ts/anne_gt1x_1158_auo.bin
  - odm/etc/firmware/ts/anne_gt1x_1158_boe.bin
  - odm/etc/firmware/ts/anne_gt1x_1158_ctc.bin
  - odm/etc/firmware/ts/anne_gt1x_1158_tm.bin
  - odm/etc/firmware/ts/anne_gt1x_anne54020_truly.img
  - odm/etc/firmware/ts/anne_gt1x_anne54020_truly_limits.csv
  - odm/etc/firmware/ts/anne_gt1x_anne54030_mutto.img
  - odm/etc/firmware/ts/anne_gt1x_anne54030_mutto_limits.csv
  - odm/etc/firmware/ts/libaftouch.so
  - odm/etc/libnfc-brcm.conf
  - odm/etc/libnfc-nci.conf
    + Fixed up odm/etc/libnfc-nci.conf
  - odm/etc/libnfc-nxp.conf
  - odm/etc/libnfc-nxp_RF.conf
  - odm/ta/sign_tool_product_ta.sec
  - vendor/etc/cfg_ane_al00_hisi.ini
  - vendor/etc/cfg_ane_lx1_hisi.ini
  - vendor/etc/cfg_ane_lx1_vh_hisi.ini
  - vendor/etc/cfg_ane_lx2_hisi.ini
  - vendor/etc/cfg_ane_lx2j_hisi.ini
  - vendor/etc/cfg_ane_lx3_hisi.ini
  - odm/lib64/hwcam/hwcam.hi6250.ANNE.p.GC2375ANE.so
  - odm/lib64/hwcam/hwcam.hi6250.ANNE.p.HI259ANE.so
  - odm/lib64/hwcam/hwcam.hi6250.ANNE.p.IMX319.so
  - odm/lib64/hwcam/hwcam.hi6250.ANNE.p.IMX371ANE.so
  - odm/lib64/hwcam/hwcam.hi6250.ANNE.p.IMX498ANE.so
  - odm/lib64/hwcam/hwcam.hi6250.ANNE.p.IMX576.so
  - odm/lib64/hwcam/hwcam.hi6250.ANNE.p.OV16885.so
  - odm/lib64/hwcam/hwcam.hi6250.ANNE.p.OV16B10ANE.so
  - odm/lib64/hwcam/hwcam.hi6250.ANNE.p.S5K3P8ANE.so
  - odm/lib64/hwcam/hwcam.hi6250.ANNE.s.GC2375ANE.so
  - odm/lib64/hwcam/hwcam.hi6250.ANNE.s.HI259ANE.so
  - odm/lib64/hwcam/hwcam.hi6250.ANNE.s.IMX319.so
  - odm/lib64/hwcam/hwcam.hi6250.ANNE.s.IMX371ANE.so
  - odm/lib64/hwcam/hwcam.hi6250.ANNE.s.IMX498ANE.so
  - odm/lib64/hwcam/hwcam.hi6250.ANNE.s.IMX576.so
  - odm/lib64/hwcam/hwcam.hi6250.ANNE.s.OV16885.so
  - odm/lib64/hwcam/hwcam.hi6250.ANNE.s.OV16B10ANE.so
  - odm/lib64/hwcam/hwcam.hi6250.ANNE.s.S5K3P8ANE.so
  - odm/lib64/hwcam/hwcam.hi6250.m.ANNE.so
  - odm/lib64/hwcam/hwcam.imx498.pd.so
  - odm/lib64/libSonyIMX371RmscLibrary.so
  - odm/lib64/libSonyPDLibrary.so
  - odm/lib64/libarcsoft_agegender_estimation.so
  - odm/lib64/libarcsoft_beautyshot.so
  - odm/lib64/libarcsoft_palm_detection.so
  - odm/lib64/libdcamera_effect.so
  - odm/lib64/libdualCamera_calibration.so
  - odm/lib64/libfcell.so
  - odm/lib64/libmmi_depth.so
  - odm/lib64/libmpbase.so
  - odm/lib64/libmrc_cg_beauty.so
  - odm/lib64/libremosaic_wrapper.so
  - odm/lib64/libremosaiclib.so
